2024-06-18 10:29:05,873 - __main__ - INFO - Загрузка переменных окружения
2024-06-18 10:29:05,874 - __main__ - INFO - Создание подключения к базе данных
2024-06-18 10:29:05,904 - __main__ - INFO - Указанная директория для JSON файлов: /home/user/Desktop/BigData
2024-06-18 10:29:05,904 - __main__ - INFO - Выбранные для загрузки в базу файлы: ['rooms.json', 'students.json']
2024-06-18 10:30:15,909 - __main__ - INFO - Загрузка отменена
2024-06-18 10:30:25,717 - __main__ - INFO - Скрипт завершен
2024-06-18 10:47:35,893 - __main__ - INFO - Загрузка переменных окружения
2024-06-18 10:47:35,894 - __main__ - INFO - Создание подключения к базе данных
2024-06-18 10:47:35,924 - __main__ - INFO - Указанная директория для JSON файлов: /home/user/Desktop/BigData
2024-06-18 10:47:35,925 - __main__ - INFO - Выбранные для загрузки в базу файлы: ['rooms.json', 'students.json']
2024-06-18 10:47:44,861 - __main__ - INFO - Загрузка отменена
2024-06-18 10:47:48,231 - __main__ - INFO - Скрипт завершен
2024-06-18 10:48:56,643 - __main__ - INFO - Загрузка переменных окружения
2024-06-18 10:48:56,644 - __main__ - INFO - Создание подключения к базе данных
2024-06-18 10:48:56,673 - __main__ - INFO - Указанная директория для JSON файлов: /home/user/Desktop/BigData
2024-06-18 10:48:56,673 - __main__ - INFO - Выбранные для загрузки в базу файлы: ['rooms.json', 'students.json']
2024-06-18 10:49:11,714 - __main__ - INFO - Загрузка отменена
2024-06-18 10:49:18,217 - __main__ - INFO - Начало ввода SQL-запроса
2024-06-18 10:49:41,482 - __main__ - ERROR - Ошибка при выполнении SQL-запроса или сохранении файла: (psycopg2.OperationalError) connection to server at "localhost" (127.0.0.1), port 5432 failed: ВАЖНО:  база данных "Task1234" не существует

(Background on this error at: https://sqlalche.me/e/20/e3q8)
2024-06-18 10:58:49,770 - __main__ - INFO - Загрузка переменных окружения
2024-06-18 10:58:49,808 - __main__ - ERROR - Ошибка при подключении к базе данных: (psycopg2.OperationalError) connection to server at "localhost" (127.0.0.1), port 5432 failed: ВАЖНО:  база данных "Task1234" не существует

(Background on this error at: https://sqlalche.me/e/20/e3q8)
2024-06-18 10:58:49,808 - __main__ - INFO - Указанная директория для JSON файлов: /home/user/Desktop/BigData
2024-06-18 10:58:49,808 - __main__ - INFO - Выбранные для загрузки в базу файлы: ['rooms.json', 'students.json']
2024-06-18 11:00:16,897 - __main__ - INFO - Загрузка переменных окружения
2024-06-18 11:00:16,898 - __main__ - INFO - Указанная директория для JSON файлов: /home/user/Desktop/BigData
2024-06-18 11:00:16,898 - __main__ - INFO - Выбранные для загрузки в базу файлы: ['rooms.json', 'students.json']
2024-06-18 11:04:39,189 - __main__ - INFO - Загрузка переменных окружения
2024-06-18 11:04:39,227 - __main__ - ERROR - Ошибка при подключении к базе данных: (psycopg2.OperationalError) connection to server at "localhost" (127.0.0.1), port 5432 failed: ВАЖНО:  база данных "Task1234" не существует

(Background on this error at: https://sqlalche.me/e/20/e3q8)
2024-06-18 11:04:39,227 - __main__ - INFO - Указанная директория для JSON файлов: /home/user/Desktop/BigData
2024-06-18 11:04:39,227 - __main__ - INFO - Выбранные для загрузки в базу файлы: ['rooms.json', 'students.json']
2024-06-18 11:04:47,346 - __main__ - INFO - Загрузка отменена
2024-06-18 11:08:20,876 - __main__ - INFO - Загрузка переменных окружения
2024-06-18 12:18:08,614 - __main__ - INFO - Загрузка переменных окружения
2024-06-18 12:18:08,656 - __main__ - INFO - Успешное подключение к базе данных
2024-06-18 12:18:08,656 - __main__ - INFO - Указанная директория для JSON файлов: /home/user/Desktop/BigData
2024-06-18 12:18:08,656 - __main__ - INFO - Выбранные для загрузки в базу файлы: ['rooms.json', 'students.json']
2024-06-18 12:18:17,749 - __main__ - INFO - Загрузка отменена
2024-06-18 12:18:19,631 - __main__ - INFO - Скрипт завершен
2024-06-18 12:18:52,620 - __main__ - INFO - Загрузка переменных окружения
2024-06-18 12:18:52,621 - __main__ - ERROR - Ошибка при подключении к базе данных: invalid literal for int() with base 10: '5432aa'
2024-06-18 12:20:07,242 - __main__ - INFO - Загрузка переменных окружения
2024-06-18 12:20:07,272 - __main__ - ERROR - Ошибка при подключении к базе данных: (psycopg2.OperationalError) invalid port number: "543277"

(Background on this error at: https://sqlalche.me/e/20/e3q8)
2024-06-18 12:21:10,077 - __main__ - INFO - Загрузка переменных окружения
2024-06-18 12:21:10,110 - __main__ - ERROR - Ошибка при подключении к базе данных: (psycopg2.OperationalError) invalid port number: "543277"

(Background on this error at: https://sqlalche.me/e/20/e3q8)
2024-06-18 12:21:29,155 - __main__ - INFO - Загрузка переменных окружения
2024-06-18 12:21:29,197 - __main__ - INFO - Успешное подключение к базе данных
2024-06-18 12:21:29,197 - __main__ - INFO - Указанная директория для JSON файлов: /home/user/Desktop/BigData
2024-06-18 12:21:29,197 - __main__ - INFO - Выбранные для загрузки в базу файлы: ['rooms.json', 'students.json']
2024-06-18 12:22:14,063 - __main__ - INFO - Загрузка отменена
2024-06-18 12:22:17,798 - __main__ - INFO - Начало ввода SQL-запроса
2024-06-18 12:22:40,296 - __main__ - INFO - Результат запроса в файле test123.csv сохранен по пути: /home/user/Desktop/BigData/Results/test123.csv
2024-06-18 14:11:52,641 - __main__ - INFO - Загрузка переменных окружения
2024-06-18 14:11:52,683 - __main__ - INFO - Успешное подключение к базе данных
2024-06-18 14:11:52,683 - __main__ - INFO - Указанная директория для JSON файлов: /home/user/Desktop/BigData
2024-06-18 14:11:52,683 - __main__ - INFO - Выбранные для загрузки в базу файлы: ['rooms.json', 'students.json']
2024-06-18 14:11:56,501 - __main__ - INFO - Загрузка отменена
2024-06-18 14:12:01,929 - __main__ - INFO - Начало ввода SQL-запроса
2024-06-18 14:12:23,576 - __main__ - INFO - Результат запроса в файле lsdsajdka.csv сохранен по пути: /home/user/Desktop/BigData/Results/lsdsajdka.csv
2024-06-18 14:12:35,177 - __main__ - INFO - Скрипт завершен
2024-06-18 14:12:35,177 - __main__ - INFO - Скрипт завершен
2024-06-20 09:36:24,281 - sql_connect - ERROR - Ошибка при подключении к базе данных: Connection failed
2024-06-20 09:36:24,289 - sql_connect - INFO - Успешное подключение к базе данных
2024-06-20 10:12:54,435 - sql_connect - ERROR - Ошибка при подключении к базе данных: Connection failed
2024-06-20 10:12:54,436 - sql_connect - INFO - Успешное подключение к базе данных
2024-06-20 10:29:41,922 - sql_connect - ERROR - Ошибка при подключении к базе данных: Connection failed
2024-06-20 10:29:41,923 - sql_connect - INFO - Успешное подключение к базе данных
2024-06-20 10:29:41,924 - sql_connect - INFO - Указанная директория для JSON файлов: /fake_directory
2024-06-20 10:29:41,924 - sql_connect - INFO - Выбранные для загрузки в базу файлы: ['file1.json', 'file2.json']
2024-06-20 10:29:41,925 - sql_connect - INFO - Загрузка данных из file1.json в таблицу file1
2024-06-20 10:29:41,925 - sql_connect - INFO - Загрузка данных из file2.json в таблицу file2
2024-06-20 10:31:03,790 - sql_connect - ERROR - Ошибка при подключении к базе данных: Connection failed
2024-06-20 10:31:03,791 - sql_connect - INFO - Успешное подключение к базе данных
2024-06-20 10:31:03,792 - sql_connect - INFO - Указанная директория для JSON файлов: /fake_directory
2024-06-20 10:31:03,792 - sql_connect - INFO - Выбранные для загрузки в базу файлы: ['file1.json', 'file2.json']
2024-06-20 10:31:03,794 - sql_connect - INFO - Загрузка данных из file1.json в таблицу file1
2024-06-20 10:31:03,794 - sql_connect - INFO - Загрузка данных из file2.json в таблицу file2
2024-06-20 10:31:03,801 - sql_connect - INFO - Начало ввода SQL-запроса
2024-06-20 10:31:03,801 - sql_connect - INFO - Результат запроса в файле test_file.csv сохранен по пути: /home/user/Desktop/BigData/Results/test_file.csv
2024-06-20 10:44:14,777 - sql_connect - ERROR - Ошибка при подключении к базе данных: Connection failed
2024-06-20 10:44:14,778 - sql_connect - INFO - Успешное подключение к базе данных
2024-06-20 10:44:14,779 - sql_connect - INFO - Указанная директория для JSON файлов: /fake_directory
2024-06-20 10:44:14,779 - sql_connect - INFO - Выбранные для загрузки в базу файлы: ['file1.json', 'file2.json']
2024-06-20 10:44:14,781 - sql_connect - INFO - Загрузка данных из file1.json в таблицу file1
2024-06-20 10:44:14,781 - sql_connect - INFO - Загрузка данных из file2.json в таблицу file2
2024-06-20 10:44:14,788 - sql_connect - INFO - Начало ввода SQL-запроса
2024-06-20 10:44:14,789 - sql_connect - INFO - Результат запроса в файле test_file.csv сохранен по пути: /home/user/Desktop/BigData/Results/test_file.csv
2024-06-20 10:49:55,117 - sql_connect - ERROR - Ошибка при подключении к базе данных: Connection failed
2024-06-20 10:49:55,118 - sql_connect - INFO - Успешное подключение к базе данных
2024-06-20 10:49:55,118 - sql_connect - INFO - Указанная директория для JSON файлов: /fake_directory
2024-06-20 10:49:55,119 - sql_connect - INFO - Выбранные для загрузки в базу файлы: ['file1.json', 'file2.json']
2024-06-20 10:49:55,120 - sql_connect - INFO - Загрузка данных из file1.json в таблицу file1
2024-06-20 10:49:55,120 - sql_connect - INFO - Загрузка данных из file2.json в таблицу file2
2024-06-20 10:49:55,128 - sql_connect - INFO - Начало ввода SQL-запроса
2024-06-20 10:49:55,129 - sql_connect - INFO - Результат запроса в файле test_file.csv сохранен по пути: /home/user/Desktop/BigData/Results/test_file.csv
2024-06-20 11:05:24,690 - __main__ - INFO - Загрузка переменных окружения
2024-06-20 11:05:24,761 - __main__ - INFO - Успешное подключение к базе данных
2024-06-20 11:05:24,761 - __main__ - INFO - Указанная директория для JSON файлов: /home/user/Desktop/BigData
2024-06-20 11:05:24,761 - __main__ - INFO - Выбранные для загрузки в базу файлы: ['rooms.json', 'students.json']
2024-06-20 11:05:30,484 - __main__ - INFO - Загрузка отменена
2024-06-20 11:05:33,427 - __main__ - INFO - Скрипт завершен
2024-06-20 11:23:26,811 - __main__ - INFO - Загрузка переменных окружения
2024-06-20 11:23:26,854 - __main__ - INFO - Успешное подключение к базе данных
2024-06-20 11:23:26,854 - __main__ - INFO - Указанная директория для JSON файлов: /home/user/Desktop/BigData
2024-06-20 11:23:26,854 - __main__ - INFO - Выбранные для загрузки в базу файлы: ['rooms.json', 'students.json']
2024-06-20 11:23:30,116 - __main__ - INFO - Загрузка отменена
2024-06-20 11:23:35,644 - __main__ - INFO - Начало ввода SQL-запроса
2024-06-20 11:24:11,228 - __main__ - INFO - Результат запроса в файле kkkk.json сохранен по пути: /home/user/Desktop/BigData/Results/kkkk.json
2024-06-20 11:24:22,691 - __main__ - INFO - Скрипт завершен
2024-06-20 13:53:17,741 - __main__ - INFO - Загрузка переменных для подключения к базе данных
2024-06-20 13:53:17,771 - __main__ - ERROR - Ошибка при подключении к базе данных: (psycopg2.OperationalError) connection to server at "localhost" (127.0.0.1), port 5435 failed: Connection refused
	Is the server running on that host and accepting TCP/IP connections?

(Background on this error at: https://sqlalche.me/e/20/e3q8)
2024-06-20 13:53:17,771 - __main__ - INFO - Ошибка во время выполнения скрипта: (psycopg2.OperationalError) connection to server at "localhost" (127.0.0.1), port 5435 failed: Connection refused
	Is the server running on that host and accepting TCP/IP connections?

(Background on this error at: https://sqlalche.me/e/20/e3q8)
2024-06-20 13:53:17,771 - __main__ - INFO - Скрипт завершен
2024-06-20 13:57:50,771 - __main__ - INFO - Загрузка переменных для подключения к базе данных
2024-06-20 13:57:50,801 - __main__ - ERROR - Ошибка при подключении к базе данных: (psycopg2.OperationalError) connection to server at "localhost" (127.0.0.1), port 5435 failed: Connection refused
	Is the server running on that host and accepting TCP/IP connections?

(Background on this error at: https://sqlalche.me/e/20/e3q8)
2024-06-20 13:57:50,801 - __main__ - INFO - Указанная директория для JSON файлов: /home/user/Desktop/BigData
2024-06-20 13:57:50,801 - __main__ - INFO - Выбранные для загрузки в базу файлы: ['rooms.json', 'students.json']
2024-06-20 13:58:07,738 - __main__ - INFO - Скрипт завершен
2024-06-20 13:58:14,148 - __main__ - INFO - Загрузка переменных для подключения к базе данных
2024-06-20 13:58:14,179 - __main__ - ERROR - Ошибка при подключении к базе данных: (psycopg2.OperationalError) connection to server at "localhost" (127.0.0.1), port 5435 failed: Connection refused
	Is the server running on that host and accepting TCP/IP connections?

(Background on this error at: https://sqlalche.me/e/20/e3q8)
2024-06-20 13:58:14,179 - __main__ - INFO - Ошибка во время выполнения скрипта: (psycopg2.OperationalError) connection to server at "localhost" (127.0.0.1), port 5435 failed: Connection refused
	Is the server running on that host and accepting TCP/IP connections?

(Background on this error at: https://sqlalche.me/e/20/e3q8)
2024-06-20 13:58:14,180 - __main__ - INFO - Скрипт завершен
2024-06-20 13:58:56,058 - __main__ - INFO - Загрузка переменных для подключения к базе данных
2024-06-20 13:58:56,100 - __main__ - INFO - Успешное подключение к базе данных
2024-06-20 13:58:56,100 - __main__ - INFO - Указанная директория для JSON файлов: /home/user/Desktop/BigData
2024-06-20 13:58:56,100 - __main__ - INFO - Выбранные для загрузки в базу файлы: ['rooms.json', 'students.json']
2024-06-20 13:59:41,322 - __main__ - INFO - Скрипт завершен
2024-06-20 15:29:13,229 - __main__ - INFO - Загрузка переменных для подключения к базе данных
2024-06-20 15:29:13,270 - __main__ - INFO - Успешное подключение к базе данных
2024-06-20 15:29:13,270 - __main__ - INFO - Указанная директория для JSON файлов: /home/user/Desktop/BigData
2024-06-20 15:29:13,270 - __main__ - INFO - Выбранные для загрузки в базу файлы: ['rooms.json', 'students.json']
2024-06-20 15:29:17,514 - __main__ - INFO - Загрузка отменена
2024-06-20 15:29:19,010 - __main__ - INFO - Скрипт завершен
2024-06-20 15:33:38,108 - __main__ - INFO - Загрузка переменных для подключения к базе данных
2024-06-20 15:33:38,151 - __main__ - INFO - Успешное подключение к базе данных
2024-06-20 15:33:38,151 - __main__ - INFO - Указанная директория для JSON файлов: /home/user/Desktop/BigData
2024-06-20 15:33:38,151 - __main__ - INFO - Выбранные для загрузки в базу файлы: ['rooms.json', 'students.json']
2024-06-20 15:33:41,334 - __main__ - INFO - Загрузка отменена
2024-06-20 15:33:48,725 - __main__ - INFO - Скрипт завершен
2024-06-20 15:33:54,731 - __main__ - INFO - Загрузка переменных для подключения к базе данных
2024-06-20 15:33:54,771 - __main__ - INFO - Успешное подключение к базе данных
2024-06-20 15:33:54,771 - __main__ - INFO - Указанная директория для JSON файлов: /home/user/Desktop/BigData
2024-06-20 15:33:54,771 - __main__ - INFO - Выбранные для загрузки в базу файлы: ['rooms.json', 'students.json']
2024-06-20 15:33:59,989 - __main__ - INFO - Загрузка отменена
2024-06-20 15:34:18,717 - __main__ - INFO - Начало ввода SQL-запроса
2024-06-20 15:34:48,998 - __main__ - INFO - Результат запроса в testtest.csv сохранен по пути: /home/user/Desktop/BigData/Results/testtest.csv
2024-06-20 15:35:06,078 - __main__ - INFO - Скрипт завершен
2024-06-20 16:00:37,336 - __main__ - INFO - Загрузка переменных для подключения к базе данных
2024-06-20 16:00:37,378 - __main__ - INFO - Успешное подключение к базе данных
2024-06-20 16:00:37,378 - __main__ - INFO - Указанная директория для JSON файлов: /home/user/Desktop/BigData
2024-06-20 16:00:37,378 - __main__ - INFO - Выбранные для загрузки в базу файлы: ['students_test.json', 'rooms_test.json']
2024-06-20 16:00:49,683 - __main__ - INFO - Загрузка данных из students_test.json в таблицу students_test
2024-06-20 16:00:49,701 - __main__ - INFO - Загрузка данных из rooms_test.json в таблицу rooms_test
2024-06-20 16:01:52,874 - __main__ - INFO - Начало ввода SQL-запроса
2024-06-20 16:02:26,499 - __main__ - INFO - Результат запроса в lkdsadasd.xml сохранен по пути: /home/user/Desktop/BigData/Results/lkdsadasd.xml
2024-06-20 16:02:32,092 - __main__ - INFO - Скрипт завершен
2024-06-21 13:04:09,950 - __main__ - INFO - Загрузка переменных для подключения к базе данных
2024-06-21 13:04:09,950 - __main__ - ERROR - Ошибка при подключении к базе данных: invalid literal for int() with base 10: 'None'
2024-06-21 13:04:09,950 - __main__ - INFO - Ошибка во время выполнения скрипта: invalid literal for int() with base 10: 'None'
2024-06-21 13:04:09,951 - __main__ - INFO - Скрипт завершен
2024-06-21 14:00:50,613 - __main__ - INFO - Загрузка переменных для подключения к базе данных
2024-06-21 14:00:50,643 - __main__ - ERROR - Ошибка при подключении к базе данных: (psycopg2.OperationalError) connection to server at "localhost" (127.0.0.1), port 5432 failed: Connection refused
	Is the server running on that host and accepting TCP/IP connections?

(Background on this error at: https://sqlalche.me/e/20/e3q8)
2024-06-21 14:00:50,644 - __main__ - INFO - Ошибка во время выполнения скрипта: (psycopg2.OperationalError) connection to server at "localhost" (127.0.0.1), port 5432 failed: Connection refused
	Is the server running on that host and accepting TCP/IP connections?

(Background on this error at: https://sqlalche.me/e/20/e3q8)
2024-06-21 14:00:50,644 - __main__ - INFO - Скрипт завершен
2024-06-21 14:04:39,749 - __main__ - INFO - Загрузка переменных для подключения к базе данных
2024-06-21 14:04:39,807 - __main__ - INFO - Успешное подключение к базе данных
2024-06-21 14:04:39,807 - __main__ - INFO - Указанная директория для JSON файлов: /home/user/Desktop/BigData
2024-06-21 14:04:39,807 - __main__ - INFO - Выбранные для загрузки в базу файлы: ['rooms.json', 'students.json']
2024-06-21 14:04:45,274 - __main__ - INFO - Загрузка отменена
2024-06-21 14:04:56,518 - __main__ - INFO - Скрипт завершен
2024-06-21 14:15:42,445 - sql_connect - ERROR - Ошибка при подключении к базе данных: Connection failed
2024-06-21 14:15:54,033 - sql_connect - INFO - Успешное подключение к базе данных
2024-06-21 14:16:02,916 - sql_connect - INFO - Указанная директория для JSON файлов: /fake_directory
2024-06-21 14:16:02,916 - sql_connect - INFO - Выбранные для загрузки в базу файлы: ['file1.json', 'file2.json']
2024-06-21 14:17:30,259 - sql_connect - INFO - Загрузка данных из file1.json в таблицу file1
2024-06-21 14:17:30,259 - sql_connect - INFO - Загрузка данных из file2.json в таблицу file2
2024-06-21 14:20:31,147 - sql_connect - INFO - Загрузка данных из file1.json в таблицу file1
2024-06-21 14:20:31,148 - sql_connect - INFO - Загрузка данных из file2.json в таблицу file2
2024-06-21 14:21:19,135 - sql_connect - INFO - Загрузка данных из file1.json в таблицу file1
2024-06-21 14:21:19,135 - sql_connect - INFO - Загрузка данных из file2.json в таблицу file2
2024-06-21 14:21:22,753 - sql_connect - INFO - Указанная директория для JSON файлов: /fake_directory
2024-06-21 14:21:22,753 - sql_connect - INFO - Выбранные для загрузки в базу файлы: ['file1.json', 'file2.json']
2024-06-21 14:21:22,755 - sql_connect - INFO - Загрузка данных из file1.json в таблицу file1
2024-06-21 14:21:22,755 - sql_connect - INFO - Загрузка данных из file2.json в таблицу file2
2024-06-21 14:21:26,236 - sql_connect - ERROR - Ошибка при подключении к базе данных: Connection failed
2024-06-21 14:21:32,140 - sql_connect - ERROR - Ошибка при подключении к базе данных: Connection failed
2024-06-21 14:21:32,141 - sql_connect - INFO - Успешное подключение к базе данных
2024-06-21 14:24:25,405 - sql_connect - INFO - Загрузка данных из file1.json в таблицу file1
2024-06-21 14:24:25,405 - sql_connect - INFO - Загрузка данных из file2.json в таблицу file2
2024-06-21 14:24:29,966 - sql_connect - INFO - Указанная директория для JSON файлов: /fake_directory
2024-06-21 14:24:29,966 - sql_connect - INFO - Выбранные для загрузки в базу файлы: ['file1.json', 'file2.json']
2024-06-21 14:24:29,968 - sql_connect - INFO - Загрузка данных из file1.json в таблицу file1
2024-06-21 14:24:29,968 - sql_connect - INFO - Загрузка данных из file2.json в таблицу file2
2024-06-21 14:24:33,512 - sql_connect - ERROR - Ошибка при подключении к базе данных: Connection failed
2024-06-21 14:24:39,539 - sql_connect - INFO - Успешное подключение к базе данных
2024-06-21 14:24:43,431 - sql_connect - ERROR - Ошибка при подключении к базе данных: Connection failed
2024-06-21 14:24:43,432 - sql_connect - INFO - Успешное подключение к базе данных
2024-06-21 14:34:05,733 - sql_connect - INFO - Начало ввода SQL-запроса
2024-06-21 14:34:05,734 - sql_connect - INFO - Результат запроса в test_file.csv сохранен по пути: /fake_output_directory/test_file.csv
2024-06-21 14:35:04,595 - sql_connect - INFO - Начало ввода SQL-запроса
2024-06-21 14:35:04,597 - sql_connect - INFO - Результат запроса в test_file.csv сохранен по пути: /fake_output_directory/test_file.csv
2024-06-21 14:38:07,108 - sql_connect - INFO - Начало ввода SQL-запроса
2024-06-21 14:38:07,109 - sql_connect - INFO - Результат запроса в test_file.csv сохранен по пути: /fake_output_directory/test_file.csv
2024-06-21 14:40:25,126 - sql_connect - INFO - Начало ввода SQL-запроса
2024-06-21 14:40:25,127 - sql_connect - INFO - Результат запроса в test_file.csv сохранен по пути: /fake_output_directory/test_file.csv
2024-06-21 14:41:54,734 - sql_connect - ERROR - Ошибка при подключении к базе данных: Connection failed
2024-06-21 14:41:54,735 - sql_connect - INFO - Успешное подключение к базе данных
2024-06-21 14:41:58,627 - sql_connect - ERROR - Ошибка при подключении к базе данных: Connection failed
2024-06-21 14:42:03,806 - sql_connect - INFO - Указанная директория для JSON файлов: /fake_directory
2024-06-21 14:42:03,806 - sql_connect - INFO - Выбранные для загрузки в базу файлы: ['file1.json', 'file2.json']
2024-06-21 14:42:03,808 - sql_connect - INFO - Загрузка данных из file1.json в таблицу file1
2024-06-21 14:42:03,808 - sql_connect - INFO - Загрузка данных из file2.json в таблицу file2
2024-06-21 14:42:10,942 - sql_connect - INFO - Начало ввода SQL-запроса
2024-06-21 14:42:10,943 - sql_connect - INFO - Результат запроса в test_file.csv сохранен по пути: /fake_output_directory/test_file.csv
2024-06-27 11:00:03,846 - __main__ - INFO - Загрузка переменных для подключения к базе данных
2024-06-27 11:00:03,903 - __main__ - INFO - Успешное подключение к базе данных
2024-06-27 11:00:03,903 - __main__ - INFO - Указанная директория для JSON файлов: /home/user/Desktop/BigData
2024-06-27 11:00:03,903 - __main__ - INFO - Выбранные для загрузки в базу файлы: ['students2.json', 'rooms1.json']
2024-06-27 11:00:28,456 - __main__ - INFO - Скрипт завершен
2024-06-27 11:00:42,000 - __main__ - INFO - Загрузка переменных для подключения к базе данных
2024-06-27 11:00:42,040 - __main__ - INFO - Успешное подключение к базе данных
2024-06-27 11:00:42,041 - __main__ - INFO - Указанная директория для JSON файлов: /home/user/Desktop/BigData
2024-06-27 11:00:42,041 - __main__ - INFO - Выбранные для загрузки в базу файлы: ['students2.json', 'rooms1.json']
2024-06-27 11:00:45,650 - __main__ - INFO - Загрузка данных из students2.json в таблицу students2
2024-06-27 11:00:45,667 - __main__ - INFO - Загрузка данных из rooms1.json в таблицу rooms1
2024-06-27 11:02:50,286 - __main__ - INFO - Начало ввода SQL-запроса
2024-06-27 11:04:12,563 - __main__ - INFO - Результат запроса в result_test.csv сохранен по пути: /home/user/Desktop/BigData/Results/result_test.csv
2024-06-27 11:06:20,701 - __main__ - INFO - Начало ввода SQL-запроса
2024-06-27 11:07:16,364 - __main__ - INFO - Результат запроса в query_1___.csv сохранен по пути: /home/user/Desktop/BigData/Results/query_1___.csv
2024-06-27 11:12:21,631 - __main__ - INFO - Начало ввода SQL-запроса
2024-06-27 11:12:44,450 - __main__ - INFO - Результат запроса в query_2.csv сохранен по пути: /home/user/Desktop/BigData/Results/query_2.csv
2024-06-27 11:12:46,815 - __main__ - INFO - Скрипт завершен
2024-06-27 11:16:58,237 - __main__ - INFO - Загрузка переменных для подключения к базе данных
2024-06-27 11:16:58,268 - __main__ - ERROR - Ошибка при подключении к базе данных: (psycopg2.OperationalError) connection to server at "localhost" (127.0.0.1), port 5433 failed: Connection refused
	Is the server running on that host and accepting TCP/IP connections?

(Background on this error at: https://sqlalche.me/e/20/e3q8)
2024-06-27 11:16:58,268 - __main__ - INFO - Ошибка во время выполнения скрипта: (psycopg2.OperationalError) connection to server at "localhost" (127.0.0.1), port 5433 failed: Connection refused
	Is the server running on that host and accepting TCP/IP connections?

(Background on this error at: https://sqlalche.me/e/20/e3q8)
2024-06-27 11:16:58,268 - __main__ - INFO - Скрипт завершен
2024-06-27 11:18:35,024 - __main__ - INFO - Загрузка переменных для подключения к базе данных
2024-06-27 11:18:35,054 - __main__ - ERROR - Ошибка при подключении к базе данных: (psycopg2.OperationalError) connection to server at "localhost" (127.0.0.1), port 5433 failed: Connection refused
	Is the server running on that host and accepting TCP/IP connections?

(Background on this error at: https://sqlalche.me/e/20/e3q8)
2024-06-27 11:18:35,054 - __main__ - INFO - Ошибка во время выполнения скрипта: (psycopg2.OperationalError) connection to server at "localhost" (127.0.0.1), port 5433 failed: Connection refused
	Is the server running on that host and accepting TCP/IP connections?

(Background on this error at: https://sqlalche.me/e/20/e3q8)
2024-06-27 11:18:35,054 - __main__ - INFO - Скрипт завершен
2024-06-27 11:19:16,044 - __main__ - INFO - Загрузка переменных для подключения к базе данных
2024-06-27 11:19:16,086 - __main__ - INFO - Успешное подключение к базе данных
2024-06-27 11:19:16,087 - __main__ - INFO - Указанная директория для JSON файлов: /home/user/Desktop/BigData
2024-06-27 11:19:16,087 - __main__ - INFO - Выбранные для загрузки в базу файлы: ['students2.json', 'rooms1.json']
2024-06-27 11:19:19,807 - __main__ - INFO - Скрипт завершен
2024-06-27 11:19:59,251 - __main__ - INFO - Загрузка переменных для подключения к базе данных
2024-06-27 11:19:59,283 - __main__ - ERROR - Ошибка при подключении к базе данных: (psycopg2.OperationalError) could not translate host name "localhost6" to address: Temporary failure in name resolution

(Background on this error at: https://sqlalche.me/e/20/e3q8)
2024-06-27 11:19:59,283 - __main__ - INFO - Ошибка во время выполнения скрипта: (psycopg2.OperationalError) could not translate host name "localhost6" to address: Temporary failure in name resolution

(Background on this error at: https://sqlalche.me/e/20/e3q8)
2024-06-27 11:19:59,283 - __main__ - INFO - Скрипт завершен
2024-06-27 11:20:39,643 - __main__ - INFO - Загрузка переменных для подключения к базе данных
2024-06-27 11:20:39,681 - __main__ - ERROR - Ошибка при подключении к базе данных: (psycopg2.OperationalError) connection to server at "localhost" (127.0.0.1), port 5432 failed: ВАЖНО:  база данных "Task7" не существует

(Background on this error at: https://sqlalche.me/e/20/e3q8)
2024-06-27 11:20:39,682 - __main__ - INFO - Ошибка во время выполнения скрипта: (psycopg2.OperationalError) connection to server at "localhost" (127.0.0.1), port 5432 failed: ВАЖНО:  база данных "Task7" не существует

(Background on this error at: https://sqlalche.me/e/20/e3q8)
2024-06-27 11:20:39,682 - __main__ - INFO - Скрипт завершен
2024-06-27 11:25:18,682 - __main__ - INFO - Загрузка переменных для подключения к базе данных
2024-06-27 11:25:18,714 - __main__ - ERROR - Ошибка при подключении к базе данных: (psycopg2.OperationalError) connection to server at "localhost" (127.0.0.1), port 5433 failed: Connection refused
	Is the server running on that host and accepting TCP/IP connections?

(Background on this error at: https://sqlalche.me/e/20/e3q8)
2024-06-27 11:25:18,714 - __main__ - INFO - Ошибка во время выполнения скрипта: (psycopg2.OperationalError) connection to server at "localhost" (127.0.0.1), port 5433 failed: Connection refused
	Is the server running on that host and accepting TCP/IP connections?

(Background on this error at: https://sqlalche.me/e/20/e3q8)
2024-06-27 11:25:18,714 - __main__ - INFO - Скрипт завершен
2024-06-27 11:25:28,656 - __main__ - INFO - Загрузка переменных для подключения к базе данных
2024-06-27 11:25:28,686 - __main__ - ERROR - Ошибка при подключении к базе данных: (psycopg2.OperationalError) connection to server at "localhost" (127.0.0.1), port 5433 failed: Connection refused
	Is the server running on that host and accepting TCP/IP connections?

(Background on this error at: https://sqlalche.me/e/20/e3q8)
2024-06-27 11:25:28,686 - __main__ - INFO - Указанная директория для JSON файлов: /home/user/Desktop/BigData
2024-06-27 11:25:28,686 - __main__ - INFO - Выбранные для загрузки в базу файлы: ['students2.json', 'rooms1.json']
2024-06-27 11:25:46,704 - __main__ - INFO - Загрузка отменена
2024-06-27 11:25:51,643 - __main__ - INFO - Скрипт завершен
2024-06-27 11:25:52,947 - __main__ - INFO - Загрузка переменных для подключения к базе данных
2024-06-27 11:25:52,977 - __main__ - ERROR - Ошибка при подключении к базе данных: (psycopg2.OperationalError) connection to server at "localhost" (127.0.0.1), port 5433 failed: Connection refused
	Is the server running on that host and accepting TCP/IP connections?

(Background on this error at: https://sqlalche.me/e/20/e3q8)
2024-06-27 11:25:52,977 - __main__ - INFO - Указанная директория для JSON файлов: /home/user/Desktop/BigData
2024-06-27 11:25:52,978 - __main__ - INFO - Выбранные для загрузки в базу файлы: ['students2.json', 'rooms1.json']
2024-06-27 11:26:14,505 - __main__ - INFO - Ошибка во время выполнения скрипта: 'NoneType' object has no attribute 'cursor'
2024-06-27 11:26:14,506 - __main__ - INFO - Скрипт завершен
2024-06-27 11:29:39,054 - __main__ - INFO - Загрузка переменных для подключения к базе данных
2024-06-27 11:29:39,085 - __main__ - ERROR - Ошибка при подключении к базе данных: (psycopg2.OperationalError) connection to server at "localhost" (127.0.0.1), port 5433 failed: Connection refused
	Is the server running on that host and accepting TCP/IP connections?

(Background on this error at: https://sqlalche.me/e/20/e3q8)
2024-06-27 11:29:39,085 - __main__ - INFO - Ошибка во время выполнения скрипта: (psycopg2.OperationalError) connection to server at "localhost" (127.0.0.1), port 5433 failed: Connection refused
	Is the server running on that host and accepting TCP/IP connections?

(Background on this error at: https://sqlalche.me/e/20/e3q8)
2024-06-27 11:29:39,085 - __main__ - INFO - Скрипт завершен
2024-06-27 11:29:48,765 - __main__ - INFO - Загрузка переменных для подключения к базе данных
2024-06-27 11:29:48,806 - __main__ - INFO - Успешное подключение к базе данных
2024-06-27 11:29:48,807 - __main__ - INFO - Указанная директория для JSON файлов: /home/user/Desktop/BigData
2024-06-27 11:29:48,807 - __main__ - INFO - Выбранные для загрузки в базу файлы: ['students2.json', 'rooms1.json']
2024-06-27 11:29:58,741 - __main__ - INFO - Загрузка отменена
2024-06-27 11:31:24,661 - __main__ - INFO - Начало ввода SQL-запроса
2024-06-27 11:31:39,218 - __main__ - ERROR - Ошибка при выполнении SQL-запроса или сохранении файла: (psycopg2.errors.SyntaxError) ОШИБКА:  ошибка синтаксиса (примерное положение: "DKSADJALSD")
LINE 1: DKSADJALSD 
        ^

[SQL: DKSADJALSD ]
(Background on this error at: https://sqlalche.me/e/20/f405)
2024-06-27 11:32:15,390 - __main__ - INFO - Начало ввода SQL-запроса
2024-06-27 11:32:47,316 - __main__ - INFO - Результат запроса в thgh.rerfe сохранен по пути: /home/user/Desktop/BigData/Results/thgh.rerfe
2024-06-27 11:33:04,602 - __main__ - INFO - Скрипт завершен
2024-07-05 11:39:45,327 - __main__ - INFO - Загрузка переменных для подключения к базе данных
2024-07-05 11:39:45,391 - __main__ - INFO - Успешное подключение к базе данных
2024-07-05 11:39:45,391 - __main__ - INFO - Указанная директория для JSON файлов: /home/user/Desktop/BigData
2024-07-05 11:39:45,391 - __main__ - INFO - Выбранные для загрузки в базу файлы: ['rooms.json', 'students.json']
2024-07-05 11:39:51,501 - __main__ - INFO - Загрузка отменена
2024-07-05 11:39:53,301 - __main__ - INFO - Скрипт завершен
2024-07-08 08:46:55,284 - __main__ - INFO - Загрузка переменных для подключения к базе данных
2024-07-08 08:46:55,328 - __main__ - INFO - Успешное подключение к базе данных
2024-07-08 08:46:55,328 - __main__ - INFO - Указанная директория для JSON файлов: /home/user/Desktop/BigData
2024-07-08 08:46:55,328 - __main__ - INFO - Выбранные для загрузки в базу файлы: ['rooms.json', 'students.json']
2024-07-08 08:47:13,504 - __main__ - INFO - Загрузка отменена
2024-07-08 08:47:13,504 - __main__ - INFO - Доступные SQL-запросы в директории: /home/user/Desktop/BigData/SQL_queries: ['query_2.sql', 'query_1.sql', 'query_3.sql', 'query_0_indx.sql', 'query_4.sql']
2024-07-08 08:47:29,792 - __main__ - INFO - Скрипт завершен
2024-07-08 08:47:44,390 - __main__ - INFO - Загрузка переменных для подключения к базе данных
2024-07-08 08:47:44,433 - __main__ - INFO - Успешное подключение к базе данных
2024-07-08 08:47:44,433 - __main__ - INFO - Указанная директория для JSON файлов: /home/user/Desktop/BigData
2024-07-08 08:47:44,433 - __main__ - INFO - Выбранные для загрузки в базу файлы: ['rooms.json', 'students.json']
2024-07-08 08:47:48,256 - __main__ - INFO - Загрузка отменена
2024-07-08 08:47:48,256 - __main__ - INFO - Доступные SQL-запросы в директории: /home/user/Desktop/BigData/SQL_queries: ['query_2.sql', 'query_1.sql', 'query_3.sql', 'query_4.sql']
2024-07-08 08:47:57,596 - __main__ - INFO - Результат запроса в query_2.csv сохранен по пути: /home/user/Desktop/BigData/Results\query_2.csv
2024-07-08 08:47:57,611 - __main__ - INFO - Результат запроса в query_1.csv сохранен по пути: /home/user/Desktop/BigData/Results\query_1.csv
2024-07-08 08:47:57,620 - __main__ - INFO - Результат запроса в query_3.csv сохранен по пути: /home/user/Desktop/BigData/Results\query_3.csv
2024-07-08 08:47:57,638 - __main__ - INFO - Результат запроса в query_4.csv сохранен по пути: /home/user/Desktop/BigData/Results\query_4.csv
2024-07-08 08:47:57,638 - __main__ - INFO - Скрипт завершен
2024-07-08 08:49:41,948 - __main__ - INFO - Загрузка переменных для подключения к базе данных
2024-07-08 08:49:41,990 - __main__ - INFO - Успешное подключение к базе данных
2024-07-08 08:49:41,990 - __main__ - INFO - Указанная директория для JSON файлов: /home/user/Desktop/BigData
2024-07-08 08:49:41,990 - __main__ - INFO - Выбранные для загрузки в базу файлы: ['rooms.json', 'students.json']
2024-07-08 08:49:47,303 - __main__ - INFO - Загрузка отменена
2024-07-08 08:49:47,304 - __main__ - INFO - Доступные SQL-запросы в директории: /home/user/Desktop/BigData/SQL_queries: ['query_2.sql', 'query_1.sql', 'query_3.sql', 'query_4.sql']
2024-07-08 08:49:58,160 - __main__ - INFO - Результат запроса в query_2.csv сохранен по пути: /home/user/Desktop/BigData/Results/query_2.csv
2024-07-08 08:49:58,174 - __main__ - INFO - Результат запроса в query_1.csv сохранен по пути: /home/user/Desktop/BigData/Results/query_1.csv
2024-07-08 08:49:58,184 - __main__ - INFO - Результат запроса в query_3.csv сохранен по пути: /home/user/Desktop/BigData/Results/query_3.csv
2024-07-08 08:49:58,200 - __main__ - INFO - Результат запроса в query_4.csv сохранен по пути: /home/user/Desktop/BigData/Results/query_4.csv
2024-07-08 08:49:58,200 - __main__ - INFO - Скрипт завершен
2024-07-08 09:14:37,055 - __main__ - INFO - Загрузка переменных для подключения к базе данных
2024-07-08 09:14:37,096 - __main__ - INFO - Успешное подключение к базе данных
2024-07-08 09:14:37,096 - __main__ - INFO - Указанная директория для JSON файлов: /home/user/Desktop/BigData
2024-07-08 09:14:37,096 - __main__ - INFO - Выбранные для загрузки в базу файлы: ['rooms.json', 'rooms (copy).json', 'students.json']
2024-07-08 09:15:26,922 - __main__ - INFO - Ошибка во время выполнения скрипта: Expected object or value
2024-07-08 09:15:26,923 - __main__ - INFO - Скрипт завершен
2024-07-08 09:15:57,105 - __main__ - INFO - Загрузка переменных для подключения к базе данных
2024-07-08 09:15:57,146 - __main__ - INFO - Успешное подключение к базе данных
2024-07-08 09:15:57,146 - __main__ - INFO - Указанная директория для JSON файлов: /home/user/Desktop/BigData
2024-07-08 09:15:57,146 - __main__ - INFO - Выбранные для загрузки в базу файлы: ['rooms_(copy).json', 'rooms.json', 'students.json']
2024-07-08 09:16:03,522 - __main__ - INFO - Загрузка данных из rooms_(copy).json в таблицу rooms_(copy)
2024-07-08 09:16:03,522 - __main__ - INFO - Доступные SQL-запросы в директории: /home/user/Desktop/BigData/SQL_queries: ['query_2.sql', 'query_1.sql', 'query_3.sql', 'query_4.sql']
2024-07-08 09:16:12,203 - __main__ - INFO - Скрипт завершен
2024-07-08 10:38:53,795 - __main__ - INFO - Загрузка переменных для подключения к базе данных
2024-07-08 10:38:53,836 - __main__ - INFO - Успешное подключение к базе данных
2024-07-08 10:38:53,837 - __main__ - INFO - Указанная директория для JSON файлов: /home/user/Desktop/BigData
2024-07-08 10:38:53,837 - __main__ - INFO - Выбранные для загрузки в базу файлы: ['rooms.json', 'students.json']
2024-07-08 10:39:02,854 - __main__ - INFO - Доступные SQL-запросы в директории: /home/user/Desktop/BigData/SQL_queries: ['query_2.sql', 'query_1.sql', 'query_3.sql', 'query_0_indx.sql', 'query_4.sql']
2024-07-08 10:39:15,036 - __main__ - INFO - Результат запроса в query_2.csv сохранен по пути: /home/user/Desktop/BigData/Results/query_2.csv
2024-07-08 10:39:15,045 - __main__ - INFO - Результат запроса в query_1.csv сохранен по пути: /home/user/Desktop/BigData/Results/query_1.csv
2024-07-08 10:39:15,052 - __main__ - INFO - Результат запроса в query_3.csv сохранен по пути: /home/user/Desktop/BigData/Results/query_3.csv
2024-07-08 10:39:15,062 - __main__ - ERROR - Ошибка при выполнении SQL-запроса или сохранении файла: This result object does not return rows. It has been closed automatically.
2024-07-08 10:39:15,062 - __main__ - INFO - Скрипт завершен
2024-07-08 10:40:11,993 - __main__ - INFO - Загрузка переменных для подключения к базе данных
2024-07-08 10:40:12,035 - __main__ - INFO - Успешное подключение к базе данных
2024-07-08 10:40:12,036 - __main__ - INFO - Указанная директория для JSON файлов: /home/user/Desktop/BigData
2024-07-08 10:40:12,036 - __main__ - INFO - Выбранные для загрузки в базу файлы: ['rooms.json', 'students.json']
2024-07-08 10:40:18,142 - __main__ - INFO - Доступные SQL-запросы в директории: /home/user/Desktop/BigData/SQL_queries: ['query_2.sql', 'query_1.sql', 'query_3.sql', 'query_4.sql']
2024-07-08 10:40:20,864 - __main__ - INFO - Результат запроса в query_2.csv сохранен по пути: /home/user/Desktop/BigData/Results/query_2.csv
2024-07-08 10:40:20,872 - __main__ - INFO - Результат запроса в query_1.csv сохранен по пути: /home/user/Desktop/BigData/Results/query_1.csv
2024-07-08 10:40:20,880 - __main__ - INFO - Результат запроса в query_3.csv сохранен по пути: /home/user/Desktop/BigData/Results/query_3.csv
2024-07-08 10:40:20,898 - __main__ - INFO - Результат запроса в query_4.csv сохранен по пути: /home/user/Desktop/BigData/Results/query_4.csv
2024-07-08 10:40:20,898 - __main__ - INFO - Скрипт завершен
2024-07-08 10:40:34,243 - __main__ - INFO - Загрузка переменных для подключения к базе данных
2024-07-08 10:40:34,283 - __main__ - INFO - Успешное подключение к базе данных
2024-07-08 10:40:34,283 - __main__ - INFO - Указанная директория для JSON файлов: /home/user/Desktop/BigData
2024-07-08 10:40:34,283 - __main__ - INFO - Выбранные для загрузки в базу файлы: ['rooms.json', 'students.json']
2024-07-08 10:40:38,398 - __main__ - INFO - Доступные SQL-запросы в директории: /home/user/Desktop/BigData/SQL_queries: ['query_0_indx.sql']
2024-07-08 10:40:41,200 - __main__ - ERROR - Ошибка при выполнении SQL-запроса или сохранении файла: This result object does not return rows. It has been closed automatically.
2024-07-08 10:40:41,201 - __main__ - INFO - Скрипт завершен
2024-07-08 10:41:59,988 - __main__ - INFO - Загрузка переменных для подключения к базе данных
2024-07-08 10:42:00,030 - __main__ - INFO - Успешное подключение к базе данных
2024-07-08 10:42:00,030 - __main__ - INFO - Указанная директория для JSON файлов: /home/user/Desktop/BigData
2024-07-08 10:42:00,030 - __main__ - INFO - Выбранные для загрузки в базу файлы: ['rooms.json', 'students.json']
2024-07-08 10:42:02,558 - __main__ - INFO - Доступные SQL-запросы в директории: /home/user/Desktop/BigData/SQL_queries: ['query_indx.sql']
2024-07-08 10:42:04,793 - __main__ - ERROR - Ошибка при выполнении SQL-запроса или сохранении файла: This result object does not return rows. It has been closed automatically.
2024-07-08 10:42:04,793 - __main__ - INFO - Скрипт завершен
2024-07-08 11:24:06,100 - __main__ - INFO - Загрузка переменных для подключения к базе данных
2024-07-08 11:24:06,141 - __main__ - INFO - Успешное подключение к базе данных
2024-07-08 11:24:06,141 - __main__ - INFO - Указанная директория для JSON файлов: /home/user/Desktop/BigData
2024-07-08 11:24:06,141 - __main__ - INFO - Выбранные для загрузки в базу файлы: ['rooms.json', 'students.json']
2024-07-08 11:24:08,681 - __main__ - INFO - Доступные SQL-запросы в директории: /home/user/Desktop/BigData/SQL_queries: ['query_indx.sql']
2024-07-08 11:24:11,197 - __main__ - ERROR - Ошибка при выполнении SQL-запроса или сохранении файла: Not an executable object: 'CREATE INDEX idx_room\nON students (room)\n'
2024-07-08 11:24:11,197 - __main__ - INFO - Скрипт завершен
2024-07-08 11:30:10,654 - __main__ - INFO - Загрузка переменных для подключения к базе данных
2024-07-08 11:30:10,696 - __main__ - INFO - Успешное подключение к базе данных
2024-07-08 11:30:10,696 - __main__ - INFO - Указанная директория для JSON файлов: /home/user/Desktop/BigData
2024-07-08 11:30:10,696 - __main__ - INFO - Выбранные для загрузки в базу файлы: ['rooms.json', 'students.json']
2024-07-08 11:30:18,684 - __main__ - INFO - Доступные SQL-запросы в директории: /home/user/Desktop/BigData/SQL_queries: ['query_indx.sql']
2024-07-08 11:30:20,633 - __main__ - INFO - Запрос query_indx выполнен успешно
2024-07-08 11:30:20,633 - __main__ - INFO - Скрипт завершен
2024-07-08 11:42:07,423 - __main__ - INFO - Загрузка переменных для подключения к базе данных
2024-07-08 11:42:07,467 - __main__ - INFO - Успешное подключение к базе данных
2024-07-08 11:42:07,467 - __main__ - INFO - Указанная директория для JSON файлов: /home/user/Desktop/BigData
2024-07-08 11:42:07,467 - __main__ - INFO - Выбранные для загрузки в базу файлы: ['rooms.json', 'students.json']
2024-07-08 11:42:10,686 - __main__ - INFO - Доступные SQL-запросы в директории: /home/user/Desktop/BigData/SQL_queries: ['query_indx.sql']
2024-07-08 11:42:16,758 - __main__ - INFO - Запрос query_indx выполнен успешно
2024-07-08 11:42:16,759 - __main__ - INFO - Скрипт завершен
2024-07-08 11:44:10,303 - __main__ - INFO - Загрузка переменных для подключения к базе данных
2024-07-08 11:44:10,346 - __main__ - INFO - Успешное подключение к базе данных
2024-07-08 11:44:10,346 - __main__ - INFO - Указанная директория для JSON файлов: /home/user/Desktop/BigData
2024-07-08 11:44:10,346 - __main__ - INFO - Выбранные для загрузки в базу файлы: ['rooms.json', 'students.json']
2024-07-08 11:44:13,620 - __main__ - INFO - Доступные SQL-запросы в директории: /home/user/Desktop/BigData/SQL_queries: ['query_indx.sql']
2024-07-08 11:44:14,970 - __main__ - ERROR - Ошибка при выполнении SQL-запроса: (psycopg2.errors.DuplicateTable) ОШИБКА:  отношение "idx_room" уже существует

[SQL: CREATE INDEX idx_room
ON students (room)
]
(Background on this error at: https://sqlalche.me/e/20/f405)
2024-07-08 11:44:14,976 - __main__ - INFO - Скрипт завершен
2024-07-08 12:15:39,388 - __main__ - INFO - Загрузка переменных для подключения к базе данных
2024-07-08 12:15:39,429 - __main__ - INFO - Успешное подключение к базе данных
2024-07-08 12:15:39,429 - __main__ - INFO - Указанная директория для JSON файлов: /home/user/Desktop/BigData
2024-07-08 12:15:39,429 - __main__ - INFO - Выбранные для загрузки в базу файлы: ['rooms.json', 'students.json']
2024-07-08 12:15:41,947 - __main__ - INFO - Доступные SQL-запросы в директории: /home/user/Desktop/BigData/SQL_queries: ['query_indx.sql']
2024-07-08 12:16:00,897 - __main__ - INFO - Запрос query_indx выполнен успешно
2024-07-08 12:16:00,897 - __main__ - INFO - Скрипт завершен
2024-07-08 12:20:20,757 - __main__ - INFO - Загрузка переменных для подключения к базе данных
2024-07-08 12:20:20,800 - __main__ - INFO - Успешное подключение к базе данных
2024-07-08 12:20:20,800 - __main__ - INFO - Указанная директория для JSON файлов: /home/user/Desktop/BigData
2024-07-08 12:20:20,800 - __main__ - INFO - Выбранные для загрузки в базу файлы: ['rooms.json', 'students.json']
2024-07-08 12:20:23,027 - __main__ - INFO - Доступные SQL-запросы в директории: /home/user/Desktop/BigData/SQL_queries: ['query_indx.sql']
2024-07-08 12:20:28,925 - __main__ - ERROR - Ошибка при выполнении SQL-запроса: (psycopg2.errors.DuplicateTable) ОШИБКА:  отношение "idx_room" уже существует

[SQL: CREATE INDEX idx_room
ON students (room)
]
(Background on this error at: https://sqlalche.me/e/20/f405)
2024-07-08 12:20:28,926 - __main__ - INFO - Скрипт завершен
2024-07-08 15:25:28,176 - __main__ - INFO - Загрузка переменных для подключения к базе данных
2024-07-08 15:25:28,218 - db_connection - INFO - Успешное подключение к базе данных
2024-07-08 15:25:28,218 - uploads - INFO - Указанная директория для JSON файлов: /home/user/Desktop/BigData
2024-07-08 15:25:28,218 - uploads - INFO - Выбранные для загрузки в базу файлы: ['rooms.json', 'students.json']
2024-07-08 15:25:34,993 - queries - INFO - Доступные SQL-запросы в директории: /home/user/Desktop/BigData/SQL_queries: ['query_2.sql', 'query_indx.sql', 'query_1.sql', 'query_3.sql', 'query_4.sql']
2024-07-08 15:25:39,533 - queries - INFO - Результат запроса в query_2.csv сохранен по пути: /home/user/Desktop/BigData/Results/query_2.csv
2024-07-08 15:25:39,534 - queries - ERROR - Ошибка при выполнении SQL-запроса: (psycopg2.errors.DuplicateTable) ОШИБКА:  отношение "idx_room" уже существует

[SQL: CREATE INDEX idx_room
ON students (room)
]
(Background on this error at: https://sqlalche.me/e/20/f405)
2024-07-08 15:25:39,543 - queries - INFO - Результат запроса в query_1.csv сохранен по пути: /home/user/Desktop/BigData/Results/query_1.csv
2024-07-08 15:25:39,552 - queries - INFO - Результат запроса в query_3.csv сохранен по пути: /home/user/Desktop/BigData/Results/query_3.csv
2024-07-08 15:25:39,568 - queries - INFO - Результат запроса в query_4.csv сохранен по пути: /home/user/Desktop/BigData/Results/query_4.csv
2024-07-08 15:25:39,568 - __main__ - INFO - Скрипт завершен
2024-07-08 15:26:00,926 - __main__ - INFO - Загрузка переменных для подключения к базе данных
2024-07-08 15:26:00,966 - db_connection - INFO - Успешное подключение к базе данных
2024-07-08 15:26:00,966 - uploads - INFO - Указанная директория для JSON файлов: /home/user/Desktop/BigData
2024-07-08 15:26:00,966 - uploads - INFO - Выбранные для загрузки в базу файлы: ['rooms.json', 'students.json']
2024-07-08 15:26:03,881 - queries - INFO - Доступные SQL-запросы в директории: /home/user/Desktop/BigData/SQL_queries: ['query_2.sql', 'query_indx.sql', 'query_1.sql', 'query_3.sql', 'query_4.sql']
2024-07-08 15:26:06,088 - queries - INFO - Результат запроса в query_2.csv сохранен по пути: /home/user/Desktop/BigData/Results/query_2.csv
2024-07-08 15:26:06,108 - queries - INFO - Запрос query_indx выполнен успешно
2024-07-08 15:26:06,116 - queries - INFO - Результат запроса в query_1.csv сохранен по пути: /home/user/Desktop/BigData/Results/query_1.csv
2024-07-08 15:26:06,124 - queries - INFO - Результат запроса в query_3.csv сохранен по пути: /home/user/Desktop/BigData/Results/query_3.csv
2024-07-08 15:26:06,141 - queries - INFO - Результат запроса в query_4.csv сохранен по пути: /home/user/Desktop/BigData/Results/query_4.csv
2024-07-08 15:26:06,141 - __main__ - INFO - Скрипт завершен
2024-07-08 15:49:41,117 - logg_settings - INFO - Загрузка переменных для подключения к базе данных
2024-07-08 15:49:41,159 - db_connection - INFO - Успешное подключение к базе данных
2024-07-08 15:49:41,159 - uploads - INFO - Указанная директория для JSON файлов: /home/user/Desktop/BigData
2024-07-08 15:49:41,159 - uploads - INFO - Выбранные для загрузки в базу файлы: ['rooms.json', 'students.json']
2024-07-08 15:49:45,035 - queries - INFO - Доступные SQL-запросы в директории: /home/user/Desktop/BigData/SQL_queries: ['query_2.sql', 'query_indx.sql', 'query_1.sql', 'query_3.sql', 'query_4.sql']
2024-07-08 15:49:49,546 - queries - INFO - Результат запроса в query_2.csv сохранен по пути: /home/user/Desktop/BigData/Results/query_2.csv
2024-07-08 15:49:49,547 - queries - ERROR - Ошибка при выполнении SQL-запроса: (psycopg2.errors.DuplicateTable) ОШИБКА:  отношение "idx_room" уже существует

[SQL: CREATE INDEX idx_room
ON students (room)
]
(Background on this error at: https://sqlalche.me/e/20/f405)
2024-07-08 15:49:49,556 - queries - INFO - Результат запроса в query_1.csv сохранен по пути: /home/user/Desktop/BigData/Results/query_1.csv
2024-07-08 15:49:49,565 - queries - INFO - Результат запроса в query_3.csv сохранен по пути: /home/user/Desktop/BigData/Results/query_3.csv
2024-07-08 15:49:49,584 - queries - INFO - Результат запроса в query_4.csv сохранен по пути: /home/user/Desktop/BigData/Results/query_4.csv
2024-07-08 15:49:49,584 - logg_settings - INFO - Скрипт завершен
2024-07-08 15:52:42,558 - logg_settings - INFO - Загрузка переменных для подключения к базе данных
2024-07-08 15:52:42,601 - db_connection - INFO - Успешное подключение к базе данных
2024-07-08 15:52:42,601 - uploads - INFO - Указанная директория для JSON файлов: /home/user/Desktop/BigData
2024-07-08 15:52:42,601 - uploads - INFO - Выбранные для загрузки в базу файлы: ['rooms.json', 'students.json']
2024-07-08 15:52:45,278 - queries - INFO - Доступные SQL-запросы в директории: /home/user/Desktop/BigData/SQL_queries: ['query_2.sql', 'query_indx.sql', 'query_1.sql', 'query_3.sql', 'query_4.sql']
2024-07-08 15:52:49,141 - queries - INFO - Результат запроса в query_2.csv сохранен по пути: /home/user/Desktop/BigData/Results/query_2.csv
2024-07-08 15:52:49,142 - queries - ERROR - Ошибка при выполнении SQL-запроса: (psycopg2.errors.DuplicateTable) ОШИБКА:  отношение "idx_room" уже существует

[SQL: CREATE INDEX idx_room
ON students (room)
]
(Background on this error at: https://sqlalche.me/e/20/f405)
2024-07-08 15:52:49,151 - queries - INFO - Результат запроса в query_1.csv сохранен по пути: /home/user/Desktop/BigData/Results/query_1.csv
2024-07-08 15:52:49,159 - queries - INFO - Результат запроса в query_3.csv сохранен по пути: /home/user/Desktop/BigData/Results/query_3.csv
2024-07-08 15:52:49,175 - queries - INFO - Результат запроса в query_4.csv сохранен по пути: /home/user/Desktop/BigData/Results/query_4.csv
2024-07-08 15:52:49,175 - logg_settings - INFO - Скрипт завершен
2024-07-08 16:10:49,223 - __main__ - INFO - Загрузка переменных для подключения к базе данных
2024-07-08 16:10:49,269 - db_connection - INFO - Успешное подключение к базе данных
2024-07-08 16:10:49,269 - uploads - INFO - Указанная директория для JSON файлов: /home/user/Desktop/BigData
2024-07-08 16:10:49,269 - uploads - INFO - Выбранные для загрузки в базу файлы: ['rooms.json', 'students.json']
2024-07-08 16:10:53,623 - queries - INFO - Доступные SQL-запросы в директории: /home/user/Desktop/BigData/SQL_queries: ['query_2.sql', 'query_indx.sql', 'query_1.sql', 'query_3.sql', 'query_4.sql']
2024-07-08 16:10:55,966 - __main__ - INFO - Скрипт завершен
